<?xml version="1.0" encoding="UTF-8"?>
<testsuite xmlns:xsi="http://www.w3.org/2001/XMLSchema-instance" xsi:noNamespaceSchemaLocation="https://maven.apache.org/surefire/maven-surefire-plugin/xsd/surefire-test-report.xsd" name="rest.TestRunner" time="9.108" tests="2" errors="0" skipped="0" failures="2">
  <properties>
[...]
</properties>
  <testcase name="restTests[1][1]" classname="rest.TestRunner" time="3.958">
    <failure message="js failed:&#10;&gt;&gt;&gt;&gt;&#10;01: restUrl&#10;&lt;&lt;&lt;&lt;&#10;org.graalvm.polyglot.PolyglotException: ReferenceError: &quot;restUrl&quot; is not defined&#10;- &lt;js&gt;.:program(Unnamed:1)&#10;&#10;classpath:rest/reqres.feature:9" type="org.opentest4j.AssertionFailedError"><![CDATA[org.opentest4j.AssertionFailedError: 
js failed:
>>>>
01: restUrl
<<<<
org.graalvm.polyglot.PolyglotException: ReferenceError: "restUrl" is not defined
- <js>.:program(Unnamed:1)

classpath:rest/reqres.feature:9
]]></failure>
    <system-out><![CDATA[14:48:51.109 [main] DEBUG com.intuit.karate.Suite - [config] classpath:karate-config.js
14:48:54.907 [main] INFO  com.intuit.karate - karate.env system property was: null 
14:48:55.101 [main] ERROR com.intuit.karate - classpath:rest/reqres.feature:9
* url restUrl
js failed:
>>>>
01: restUrl
<<<<
org.graalvm.polyglot.PolyglotException: ReferenceError: "restUrl" is not defined
- <js>.:program(Unnamed:1)

classpath:rest/reqres.feature:9
]]></system-out>
  </testcase>
  <testcase name="restTests[1][2]" classname="rest.TestRunner" time="3.096">
    <failure message="js failed:&#10;&gt;&gt;&gt;&gt;&#10;01: restUrl&#10;&lt;&lt;&lt;&lt;&#10;org.graalvm.polyglot.PolyglotException: ReferenceError: &quot;restUrl&quot; is not defined&#10;- &lt;js&gt;.:program(Unnamed:1)&#10;&#10;classpath:rest/reqres.feature:9" type="org.opentest4j.AssertionFailedError"><![CDATA[org.opentest4j.AssertionFailedError: 
js failed:
>>>>
01: restUrl
<<<<
org.graalvm.polyglot.PolyglotException: ReferenceError: "restUrl" is not defined
- <js>.:program(Unnamed:1)

classpath:rest/reqres.feature:9
]]></failure>
    <system-out><![CDATA[14:48:55.194 [main] INFO  com.intuit.karate - karate.env system property was: null 
14:48:55.210 [main] ERROR com.intuit.karate - classpath:rest/reqres.feature:9
* url restUrl
js failed:
>>>>
01: restUrl
<<<<
org.graalvm.polyglot.PolyglotException: ReferenceError: "restUrl" is not defined
- <js>.:program(Unnamed:1)

classpath:rest/reqres.feature:9
---------------------------------------------------------
feature: classpath:rest/reqres.feature
scenarios:  2 | passed:  0 | failed:  2 | time: 0.0556
---------------------------------------------------------

Karate version: 1.3.0
======================================================
elapsed:   6.93 | threads:    1 | thread time: 0.06 
features:     1 | skipped:    0 | efficiency: 0.01
scenarios:    2 | passed:     0 | failed: 2
======================================================
>>> failed features:
js failed:
>>>>
01: restUrl
<<<<
org.graalvm.polyglot.PolyglotException: ReferenceError: "restUrl" is not defined
- <js>.:program(Unnamed:1)

classpath:rest/reqres.feature:9
js failed:
>>>>
01: restUrl
<<<<
org.graalvm.polyglot.PolyglotException: ReferenceError: "restUrl" is not defined
- <js>.:program(Unnamed:1)

classpath:rest/reqres.feature:9
<<<

HTML report: (paste into browser to view) | Karate version: 1.3.0
file:///C:/Users/ji9560880/repos/karate-framework/karateFramework/target/karate-reports/karate-summary.html
===================================================================

]]></system-out>
  </testcase>
</testsuite>